Using pre-set license
Desktop is 1920 x 1080 @ 60 Hz

 COMMAND LINE ARGUMENTS:
Unity
-adb2
-batchMode
-noUpm
-name
AssetImportWorker0
-projectPath
/home/b1/synthData/Perception_TUT_v0.9/Perception T_v0.9
-logFile
Logs/AssetImportWorker0.log
-srvPort
38001
Successfully changed project path to: /home/b1/synthData/Perception_TUT_v0.9/Perception T_v0.9
/home/b1/synthData/Perception_TUT_v0.9/Perception T_v0.9
Using Asset Import Pipeline V2.
Refreshing native plugins compatible for Editor in 331,01 ms, found 3 plugins.
Preloading 0 native plugins for Editor in 0,00 ms.
Initialize engine version: 2020.3.16f1 (049d6eca3c44)
[Subsystems] Discovering subsystems at path /home/b1/Unity/Hub/Editor/2020.3.16f1/Editor/Data/Resources/UnitySubsystems
[Subsystems] Discovering subsystems at path /home/b1/synthData/Perception_TUT_v0.9/Perception T_v0.9/Assets
GLX Extensions: GLX_ARB_create_context GLX_ARB_create_context_no_error GLX_ARB_create_context_profile GLX_ARB_create_context_robustness GLX_ARB_fbconfig_float GLX_ARB_framebuffer_sRGB GLX_ARB_get_proc_address GLX_ARB_multisample GLX_EXT_buffer_age GLX_EXT_create_context_es2_profile GLX_EXT_create_context_es_profile GLX_EXT_fbconfig_packed_float GLX_EXT_framebuffer_sRGB GLX_EXT_import_context GLX_EXT_swap_control GLX_EXT_swap_control_tear GLX_EXT_texture_from_pixmap GLX_EXT_visual_info GLX_EXT_visual_rating GLX_INTEL_swap_event GLX_MESA_copy_sub_buffer GLX_MESA_query_renderer GLX_MESA_swap_control GLX_OML_swap_method GLX_OML_sync_control GLX_SGIS_multisample GLX_SGIX_fbconfig GLX_SGIX_pbuffer GLX_SGIX_visual_select_group GLX_SGI_make_current_read GLX_SGI_swap_control GLX_SGI_video_sync 
Renderer: Mesa DRI Intel(R) HD Graphics 4000 (IVB GT2)
Vendor:   Intel Open Source Technology Center
Version:  4.2 (Core Profile) Mesa 21.0.3
GLES:     0
 GL_3DFX_texture_compression_FXT1 GL_AMD_conservative_depth GL_AMD_draw_buffers_blend GL_AMD_multi_draw_indirect GL_AMD_seamless_cubemap_per_texture GL_AMD_shader_trinary_minmax GL_AMD_texture_texture4 GL_AMD_vertex_shader_layer GL_AMD_vertex_shader_viewport_index GL_ANGLE_texture_compression_dxt3 GL_ANGLE_texture_compression_dxt5 GL_APPLE_object_purgeable GL_ARB_ES2_compatibility GL_ARB_ES3_compatibility GL_ARB_arrays_of_arrays GL_ARB_base_instance GL_ARB_blend_func_extended GL_ARB_buffer_storage GL_ARB_clear_buffer_object GL_ARB_clear_texture GL_ARB_clip_control GL_ARB_compressed_texture_pixel_storage GL_ARB_compute_shader GL_ARB_compute_variable_group_size GL_ARB_conditional_render_inverted GL_ARB_conservative_depth GL_ARB_copy_buffer GL_ARB_copy_image GL_ARB_cull_distance GL_ARB_debug_output GL_ARB_depth_buffer_float GL_ARB_depth_clamp GL_ARB_derivative_control GL_ARB_direct_state_access GL_ARB_draw_buffers GL_ARB_draw_buffers_blend GL_ARB_draw_elements_base_vertex GL_ARB_draw_indirect GL_ARB_draw_instan
ced GL_ARB_enhanced_layouts GL_ARB_explicit_attrib_location GL_ARB_explicit_uniform_location GL_ARB_fragment_coord_conventions GL_ARB_fragment_layer_viewport GL_ARB_fragment_shader GL_ARB_framebuffer_no_attachments GL_ARB_framebuffer_object GL_ARB_framebuffer_sRGB GL_ARB_get_program_binary GL_ARB_get_texture_sub_image GL_ARB_gl_spirv GL_ARB_gpu_shader5 GL_ARB_gpu_shader_fp64 GL_ARB_half_float_pixel GL_ARB_half_float_vertex GL_ARB_indirect_parameters GL_ARB_instanced_arrays GL_ARB_internalformat_query GL_ARB_internalformat_query2 GL_ARB_invalidate_subdata GL_ARB_map_buffer_alignment GL_ARB_map_buffer_range GL_ARB_multi_bind GL_ARB_multi_draw_indirect GL_ARB_occlusion_query2 GL_ARB_parallel_shader_compile GL_ARB_pipeline_statistics_query GL_ARB_pixel_buffer_object GL_ARB_point_sprite GL_ARB_polygon_offset_clamp GL_ARB_program_interface_query GL_ARB_provoking_vertex GL_ARB_robustness GL_ARB_sample_shading GL_ARB_sampler_objects GL_ARB_seamless_cube_map GL_ARB_seamless_cubemap_per_texture GL_ARB_separate_shader_
objects GL_ARB_shader_atomic_counter_ops GL_ARB_shader_atomic_counters GL_ARB_shader_bit_encoding GL_ARB_shader_clock GL_ARB_shader_draw_parameters GL_ARB_shader_group_vote GL_ARB_shader_image_load_store GL_ARB_shader_image_size GL_ARB_shader_objects GL_ARB_shader_precision GL_ARB_shader_storage_buffer_object GL_ARB_shader_subroutine GL_ARB_shader_texture_image_samples GL_ARB_shader_texture_lod GL_ARB_shader_viewport_layer_array GL_ARB_shading_language_420pack GL_ARB_shading_language_include GL_ARB_shading_language_packing GL_ARB_spirv_extensions GL_ARB_sync GL_ARB_tessellation_shader GL_ARB_texture_barrier GL_ARB_texture_buffer_object GL_ARB_texture_buffer_object_rgb32 GL_ARB_texture_buffer_range GL_ARB_texture_compression_bptc GL_ARB_texture_compression_rgtc GL_ARB_texture_cube_map_array GL_ARB_texture_filter_anisotropic GL_ARB_texture_float GL_ARB_texture_gather GL_ARB_texture_mirror_clamp_to_edge GL_ARB_texture_multisample GL_ARB_texture_non_power_of_two GL_ARB_texture_query_levels GL_ARB_texture_query_l
od GL_ARB_texture_rectangle GL_ARB_texture_rg GL_ARB_texture_rgb10_a2ui GL_ARB_texture_storage GL_ARB_texture_storage_multisample GL_ARB_texture_swizzle GL_ARB_texture_view GL_ARB_timer_query GL_ARB_transform_feedback2 GL_ARB_transform_feedback3 GL_ARB_transform_feedback_instanced GL_ARB_transform_feedback_overflow_query GL_ARB_uniform_buffer_object GL_ARB_vertex_array_bgra GL_ARB_vertex_array_object GL_ARB_vertex_attrib_64bit GL_ARB_vertex_attrib_binding GL_ARB_vertex_buffer_object GL_ARB_vertex_shader GL_ARB_vertex_type_10f_11f_11f_rev GL_ARB_vertex_type_2_10_10_10_rev GL_ARB_viewport_array GL_ATI_blend_equation_separate GL_ATI_texture_float GL_EXT_EGL_image_storage GL_EXT_EGL_sync GL_EXT_abgr GL_EXT_blend_equation_separate GL_EXT_demote_to_helper_invocation GL_EXT_draw_buffers2 GL_EXT_draw_instanced GL_EXT_framebuffer_blit GL_EXT_framebuffer_multisample GL_EXT_framebuffer_multisample_blit_scaled GL_EXT_framebuffer_object GL_EXT_framebuffer_sRGB GL_EXT_packed_depth_stencil GL_EXT_packed_float GL_EXT_pixel_
buffer_object GL_EXT_polygon_offset_clamp GL_EXT_provoking_vertex GL_EXT_shader_framebuffer_fetch_non_coherent GL_EXT_shader_integer_mix GL_EXT_shader_samples_identical GL_EXT_texture_array GL_EXT_texture_compression_dxt1 GL_EXT_texture_compression_rgtc GL_EXT_texture_compression_s3tc GL_EXT_texture_filter_anisotropic GL_EXT_texture_integer GL_EXT_texture_sRGB GL_EXT_texture_sRGB_R8 GL_EXT_texture_sRGB_decode GL_EXT_texture_shadow_lod GL_EXT_texture_shared_exponent GL_EXT_texture_snorm GL_EXT_texture_swizzle GL_EXT_timer_query GL_EXT_transform_feedback GL_EXT_vertex_array_bgra GL_EXT_vertex_attrib_64bit GL_IBM_multimode_draw_arrays GL_INTEL_blackhole_render GL_INTEL_performance_query GL_KHR_blend_equation_advanced GL_KHR_context_flush_control GL_KHR_debug GL_KHR_no_error GL_KHR_parallel_shader_compile GL_KHR_robustness GL_MESA_pack_invert GL_MESA_shader_integer_functions GL_MESA_texture_signed_rgba GL_NV_compute_shader_derivatives GL_NV_conditional_render GL_NV_depth_clamp GL_NV_packed_depth_stencil GL_NV_te
xture_barrier GL_OES_EGL_image GL_S3_s3tc
OPENGL LOG: Creating OpenGL 4.2 graphics device ; Context level  <OpenGL 4.2> ; Context handle 1480888832
Shader 'Universal Render Pipeline/Particles/Lit': fallback shader 'Universal Render Pipeline/Particles/SimpleLit' not found
Initialize mono
Mono path[0] = '/home/b1/Unity/Hub/Editor/2020.3.16f1/Editor/Data/Managed'
Mono path[1] = '/home/b1/Unity/Hub/Editor/2020.3.16f1/Editor/Data/MonoBleedingEdge/lib/mono/unityjit'
Mono config path = '/home/b1/Unity/Hub/Editor/2020.3.16f1/Editor/Data/MonoBleedingEdge/etc'
Using monoOptions --debugger-agent=transport=dt_socket,embedding=1,server=y,suspend=n,address=127.0.0.1:56079
Begin MonoManager ReloadAssembly
Registering precompiled unity dll's ...
Register platform support module: /home/b1/Unity/Hub/Editor/2020.3.16f1/Editor/Data/PlaybackEngines/WebGLSupport/UnityEditor.WebGL.Extensions.dll
Register platform support module: /home/b1/Unity/Hub/Editor/2020.3.16f1/Editor/Data/PlaybackEngines/MacStandaloneSupport/UnityEditor.OSXStandalone.Extensions.dll
Register platform support module: /home/b1/Unity/Hub/Editor/2020.3.16f1/Editor/Data/PlaybackEngines/WindowsStandaloneSupport/UnityEditor.WindowsStandalone.Extensions.dll
Register platform support module: /home/b1/Unity/Hub/Editor/2020.3.16f1/Editor/Data/PlaybackEngines/LinuxStandaloneSupport/UnityEditor.LinuxStandalone.Extensions.dll
Registered in 0,004967 seconds.
Native extension for LinuxStandalone target not found
Native extension for WindowsStandalone target not found
Native extension for OSXStandalone target not found
Native extension for WebGL target not found
Refreshing native plugins compatible for Editor in 170,27 ms, found 3 plugins.
Preloading 0 native plugins for Editor in 0,00 ms.
Mono: successfully reloaded assembly
- Completed reload, in  4,411 seconds
Domain Reload Profiling:
	ReloadAssembly (4417ms)
		BeginReloadAssembly (92ms)
			ExecutionOrderSort (0ms)
			DisableScriptedObjects (0ms)
			BackupInstance (0ms)
			ReleaseScriptingObjects (0ms)
			CreateAndSetChildDomain (2ms)
		EndReloadAssembly (1524ms)
			LoadAssemblies (88ms)
			RebuildTransferFunctionScriptingTraits (0ms)
			SetupTypeCache (522ms)
			ReleaseScriptCaches (0ms)
			RebuildScriptCaches (107ms)
			SetupLoadedEditorAssemblies (724ms)
				LogAssemblyErrors (0ms)
				InitializePlatformSupportModulesInManaged (21ms)
				SetLoadedEditorAssemblies (0ms)
				RefreshPlugins (170ms)
				BeforeProcessingInitializeOnLoad (20ms)
				ProcessInitializeOnLoadAttributes (434ms)
				ProcessInitializeOnLoadMethodAttributes (78ms)
				AfterProcessingInitializeOnLoad (0ms)
				EditorAssembliesLoaded (0ms)
			ExecutionOrderSort2 (0ms)
			AwakeInstancesAfterBackupRestoration (0ms)
Platform modules already initialized, skipping
Registering precompiled user dll's ...
Registered in 0,018243 seconds.
Begin MonoManager ReloadAssembly
Native extension for LinuxStandalone target not found
Native extension for WindowsStandalone target not found
Native extension for OSXStandalone target not found
Native extension for WebGL target not found
Refreshing native plugins compatible for Editor in 191,38 ms, found 3 plugins.
Preloading 0 native plugins for Editor in 0,00 ms.
Mono: successfully reloaded assembly
- Completed reload, in  7,294 seconds
Domain Reload Profiling:
	ReloadAssembly (7298ms)
		BeginReloadAssembly (579ms)
			ExecutionOrderSort (0ms)
			DisableScriptedObjects (25ms)
			BackupInstance (0ms)
			ReleaseScriptingObjects (0ms)
			CreateAndSetChildDomain (44ms)
		EndReloadAssembly (6323ms)
			LoadAssemblies (371ms)
			RebuildTransferFunctionScriptingTraits (0ms)
			SetupTypeCache (1369ms)
			ReleaseScriptCaches (2ms)
			RebuildScriptCaches (230ms)
			SetupLoadedEditorAssemblies (3998ms)
				LogAssemblyErrors (0ms)
				InitializePlatformSupportModulesInManaged (14ms)
				SetLoadedEditorAssemblies (0ms)
				RefreshPlugins (191ms)
				BeforeProcessingInitializeOnLoad (262ms)
				ProcessInitializeOnLoadAttributes (3366ms)
				ProcessInitializeOnLoadMethodAttributes (148ms)
				AfterProcessingInitializeOnLoad (16ms)
				EditorAssembliesLoaded (1ms)
			ExecutionOrderSort2 (0ms)
			AwakeInstancesAfterBackupRestoration (23ms)
Platform modules already initialized, skipping
========================================================================
Worker process is ready to serve import requests
Shader 'Universal Render Pipeline/Particles/Lit': fallback shader 'Universal Render Pipeline/Particles/SimpleLit' not found
Launched and connected shader compiler UnityShaderCompiler after 0.02 seconds
Refreshing native plugins compatible for Editor in 1,73 ms, found 3 plugins.
Preloading 0 native plugins for Editor in 0,00 ms.
Unloading 3271 Unused Serialized files (Serialized files now loaded: 0)
System memory in use before: 139,8 MB.
System memory in use after: 139,8 MB.

Unloading 40 unused Assets to reduce memory usage. Loaded Objects now: 3686.
Total: 27,986164 ms (FindLiveObjects: 0,869774 ms CreateObjectMapping: 0,422577 ms MarkObjects: 25,939589 ms  DeleteObjects: 0,750768 ms)

AssetImportParameters requested are different than current active one (requested -> active):
  custom:video-decoder-ogg-theora: a1e56fd34408186e4bbccfd4996cb3dc -> 
  custom:container-muxer-webm: aa71ff27fc2769a1b78a27578f13a17b -> 
  custom:container-demuxer-webm: 4f35f7cbe854078d1ac9338744f61a02 -> 
  custom:container-demuxer-ogg: 62fdf1f143b41e24485cea50d1cbac27 -> 
  custom:video-encoder-webm-vp8: eb34c28f22e8b96e1ab97ce403110664 -> 
  custom:video-decoder-webm-vp8: 9c59270c3fd7afecdb556c50c9e8de78 -> 
  custom:audio-decoder-ogg-vorbis: bf7c407c2cedff20999df2af8eb42d56 -> 
  custom:audio-encoder-webm-vorbis: bf7c407c2cedff20999df2af8eb42d56 -> 
========================================================================
Received Import Request.
  path: Assets/Settings/ForwardRenderer.asset
  artifactKey: Guid(4a8e21d5c33334b11b34a596161b9360) Importer(815301076,1909f56bfc062723c751e8b465ee728b)
Start importing Assets/Settings/ForwardRenderer.asset using Guid(4a8e21d5c33334b11b34a596161b9360) Importer(815301076,1909f56bfc062723c751e8b465ee728b)  -> (artifact id: '63cf95242464b0f1307a08bc2392aaaa') in 0,072086 seconds 
  Import took 0,090140 seconds .

========================================================================
Received Import Request.
  Time since last request: 0,019753 seconds.
  path: Assets/Settings/ForwardRenderer.asset
  artifactKey: Guid(4a8e21d5c33334b11b34a596161b9360) Importer(815301076,1909f56bfc062723c751e8b465ee728b)
Start importing Assets/Settings/ForwardRenderer.asset using Guid(4a8e21d5c33334b11b34a596161b9360) Importer(815301076,1909f56bfc062723c751e8b465ee728b)  -> (artifact id: '63cf95242464b0f1307a08bc2392aaaa') in 0,004259 seconds 
  Import took 0,026538 seconds .

========================================================================
Received Import Request.
  Time since last request: 126,609633 seconds.
  path: Assets/Scenes/TutorialScene.unity
  artifactKey: Guid(9224f30be01ef899a95a61e593087e04) Importer(815301076,1909f56bfc062723c751e8b465ee728b)
Start importing Assets/Scenes/TutorialScene.unity using Guid(9224f30be01ef899a95a61e593087e04) Importer(815301076,1909f56bfc062723c751e8b465ee728b)  -> (artifact id: 'd65a5c7c28101cb38a22324e76fe8fae') in 0,002333 seconds 
  Import took 0,011812 seconds .

========================================================================
Received Import Request.
  Time since last request: 10,536355 seconds.
  path: Assets/Scenes/SampleScene.unity
  artifactKey: Guid(d1c3109bdb54ad54c8a2b2838528e640) Importer(815301076,1909f56bfc062723c751e8b465ee728b)
Start importing Assets/Scenes/SampleScene.unity using Guid(d1c3109bdb54ad54c8a2b2838528e640) Importer(815301076,1909f56bfc062723c751e8b465ee728b)  -> (artifact id: '1a7c01bc8ed57adf1ede3d700e613d7f') in 0,002125 seconds 
  Import took 0,015305 seconds .

========================================================================
Received Import Request.
  Time since last request: 25,663035 seconds.
  path: Assets/Scenes/SampleSceneLightingSettings.lighting
  artifactKey: Guid(477cc4148fad3449482a3bc3178594e2) Importer(815301076,1909f56bfc062723c751e8b465ee728b)
Start importing Assets/Scenes/SampleSceneLightingSettings.lighting using Guid(477cc4148fad3449482a3bc3178594e2) Importer(815301076,1909f56bfc062723c751e8b465ee728b)  -> (artifact id: '4a26a52e718306fba651ad1c5ff177c0') in 0,001658 seconds 
  Import took 0,012637 seconds .

========================================================================
Received Import Request.
  Time since last request: 0,018019 seconds.
  path: Assets/Scenes/SampleSceneLightingSettings.lighting
  artifactKey: Guid(477cc4148fad3449482a3bc3178594e2) Importer(815301076,1909f56bfc062723c751e8b465ee728b)
Start importing Assets/Scenes/SampleSceneLightingSettings.lighting using Guid(477cc4148fad3449482a3bc3178594e2) Importer(815301076,1909f56bfc062723c751e8b465ee728b)  -> (artifact id: '4a26a52e718306fba651ad1c5ff177c0') in 0,001583 seconds 
  Import took 0,009198 seconds .

========================================================================
Received Import Request.
  Time since last request: 166,315877 seconds.
  path: Assets/TutorialIdLabelConfig.asset
  artifactKey: Guid(9de61a3c57e66000c8a966d4ca152447) Importer(815301076,1909f56bfc062723c751e8b465ee728b)
Start importing Assets/TutorialIdLabelConfig.asset using Guid(9de61a3c57e66000c8a966d4ca152447) Importer(815301076,1909f56bfc062723c751e8b465ee728b)  -> (artifact id: 'caae004edff566f080f24ae010733b6b') in 0,005137 seconds 
  Import took 0,017154 seconds .

========================================================================
Received Import Request.
  Time since last request: 0,015104 seconds.
  path: Assets/TutorialIdLabelConfig.asset
  artifactKey: Guid(9de61a3c57e66000c8a966d4ca152447) Importer(815301076,1909f56bfc062723c751e8b465ee728b)
Start importing Assets/TutorialIdLabelConfig.asset using Guid(9de61a3c57e66000c8a966d4ca152447) Importer(815301076,1909f56bfc062723c751e8b465ee728b)  -> (artifact id: 'caae004edff566f080f24ae010733b6b') in 0,001634 seconds 
  Import took 0,011433 seconds .

========================================================================
Received Import Request.
  Time since last request: 23,482080 seconds.
  path: Assets/TutorialSemanticSegmentationLabelConfig.asset
  artifactKey: Guid(c3e66048e3d5706e9925113126091a85) Importer(815301076,1909f56bfc062723c751e8b465ee728b)
Start importing Assets/TutorialSemanticSegmentationLabelConfig.asset using Guid(c3e66048e3d5706e9925113126091a85) Importer(815301076,1909f56bfc062723c751e8b465ee728b)  -> (artifact id: 'e056dd626b9d606fee640c2c93cd9041') in 0,005723 seconds 
  Import took 0,013519 seconds .

========================================================================
Received Import Request.
  Time since last request: 0,007064 seconds.
  path: Assets/TutorialSemanticSegmentationLabelConfig.asset
  artifactKey: Guid(c3e66048e3d5706e9925113126091a85) Importer(815301076,1909f56bfc062723c751e8b465ee728b)
Start importing Assets/TutorialSemanticSegmentationLabelConfig.asset using Guid(c3e66048e3d5706e9925113126091a85) Importer(815301076,1909f56bfc062723c751e8b465ee728b)  -> (artifact id: 'e056dd626b9d606fee640c2c93cd9041') in 0,003375 seconds 
  Import took 0,012075 seconds .

========================================================================
Received Import Request.
  Time since last request: 137,618800 seconds.
  path: Assets/Samples/Perception/0.9.0-preview.2/Tutorial Files/Foreground Objects/Phase 1/Prefabs/candy_minipralines_lindt.prefab
  artifactKey: Guid(f8c81fac8af13448ab26bdb5ce582c9b) Importer(815301076,1909f56bfc062723c751e8b465ee728b)
Start importing Assets/Samples/Perception/0.9.0-preview.2/Tutorial Files/Foreground Objects/Phase 1/Prefabs/candy_minipralines_lindt.prefab using Guid(f8c81fac8af13448ab26bdb5ce582c9b) Importer(815301076,1909f56bfc062723c751e8b465ee728b)  -> (artifact id: 'b91f206c8bc57b4688380621e936cb69') in 1,073740 seconds 
  Import took 1,084761 seconds .

========================================================================
Received Import Request.
  Time since last request: 0,000414 seconds.
  path: Assets/Samples/Perception/0.9.0-preview.2/Tutorial Files/Foreground Objects/Phase 1/Prefabs/snack_biscotti_ghiott_01.prefab
  artifactKey: Guid(9ef2f11fc3a4d451489a43733d1b68fc) Importer(815301076,1909f56bfc062723c751e8b465ee728b)
Start importing Assets/Samples/Perception/0.9.0-preview.2/Tutorial Files/Foreground Objects/Phase 1/Prefabs/snack_biscotti_ghiott_01.prefab using Guid(9ef2f11fc3a4d451489a43733d1b68fc) Importer(815301076,1909f56bfc062723c751e8b465ee728b)  -> (artifact id: 'fcdf293bb9d222f73d671065bf91f797') in 0,019515 seconds 
  Import took 0,027374 seconds .

========================================================================
Received Import Request.
  Time since last request: 0,000289 seconds.
  path: Assets/Samples/Perception/0.9.0-preview.2/Tutorial Files/Foreground Objects/Phase 1/Prefabs/lotion_essentially_nivea.prefab
  artifactKey: Guid(1235a6a7e60bd4fb49f7fe43925b064d) Importer(815301076,1909f56bfc062723c751e8b465ee728b)
Start importing Assets/Samples/Perception/0.9.0-preview.2/Tutorial Files/Foreground Objects/Phase 1/Prefabs/lotion_essentially_nivea.prefab using Guid(1235a6a7e60bd4fb49f7fe43925b064d) Importer(815301076,1909f56bfc062723c751e8b465ee728b)  -> (artifact id: '0895783f84e90f1adec0d8e22bd6ff2b') in 0,023621 seconds 
  Import took 0,036890 seconds .

========================================================================
Received Import Request.
  Time since last request: 0,000320 seconds.
  path: Assets/Samples/Perception/0.9.0-preview.2/Tutorial Files/Foreground Objects/Phase 1/Prefabs/pasta_lasagne_barilla.prefab
  artifactKey: Guid(5a29edd6a97d9479da063ac4c4eb8611) Importer(815301076,1909f56bfc062723c751e8b465ee728b)
Start importing Assets/Samples/Perception/0.9.0-preview.2/Tutorial Files/Foreground Objects/Phase 1/Prefabs/pasta_lasagne_barilla.prefab using Guid(5a29edd6a97d9479da063ac4c4eb8611) Importer(815301076,1909f56bfc062723c751e8b465ee728b)  -> (artifact id: 'c81cb56f6d278d163336e0bd55a43791') in 0,024356 seconds 
  Import took 0,035621 seconds .

========================================================================
Received Import Request.
  Time since last request: 0,000235 seconds.
  path: Assets/Samples/Perception/0.9.0-preview.2/Tutorial Files/Foreground Objects/Phase 1/Prefabs/cleaning_snuggle_henkel.prefab
  artifactKey: Guid(df26f25c7e2e84c0b977b2b3c2efefee) Importer(815301076,1909f56bfc062723c751e8b465ee728b)
Start importing Assets/Samples/Perception/0.9.0-preview.2/Tutorial Files/Foreground Objects/Phase 1/Prefabs/cleaning_snuggle_henkel.prefab using Guid(df26f25c7e2e84c0b977b2b3c2efefee) Importer(815301076,1909f56bfc062723c751e8b465ee728b)  -> (artifact id: '07a2834c4066cc8b74d3a081f0fe0457') in 0,022294 seconds 
  Import took 0,032496 seconds .

========================================================================
Received Import Request.
  Time since last request: 0,000211 seconds.
  path: Assets/Samples/Perception/0.9.0-preview.2/Tutorial Files/Foreground Objects/Phase 1/Prefabs/cereal_cheerios_honeynut.prefab
  artifactKey: Guid(04ab9ebb2655c44ae9e9edebd2c9d32c) Importer(815301076,1909f56bfc062723c751e8b465ee728b)
Start importing Assets/Samples/Perception/0.9.0-preview.2/Tutorial Files/Foreground Objects/Phase 1/Prefabs/cereal_cheerios_honeynut.prefab using Guid(04ab9ebb2655c44ae9e9edebd2c9d32c) Importer(815301076,1909f56bfc062723c751e8b465ee728b)  -> (artifact id: '382ac985afedd6d926c2eb4b49188e89') in 0,025107 seconds 
  Import took 0,037107 seconds .

========================================================================
Received Import Request.
  Time since last request: 0,000223 seconds.
  path: Assets/Samples/Perception/0.9.0-preview.2/Tutorial Files/Foreground Objects/Phase 1/Prefabs/drink_greentea_itoen.prefab
  artifactKey: Guid(6d2179d3da6ff400c84fe0464ebff935) Importer(815301076,1909f56bfc062723c751e8b465ee728b)
Start importing Assets/Samples/Perception/0.9.0-preview.2/Tutorial Files/Foreground Objects/Phase 1/Prefabs/drink_greentea_itoen.prefab using Guid(6d2179d3da6ff400c84fe0464ebff935) Importer(815301076,1909f56bfc062723c751e8b465ee728b)  -> (artifact id: '1b9e7b68dbdd3cd0229e61603a70d199') in 0,023387 seconds 
  Import took 0,033526 seconds .

========================================================================
Received Import Request.
  Time since last request: 0,000243 seconds.
  path: Assets/Samples/Perception/0.9.0-preview.2/Tutorial Files/Foreground Objects/Phase 1/Prefabs/snack_granolabar_naturevalley.prefab
  artifactKey: Guid(7ec41c4e5b2be4230b44e141f423c881) Importer(815301076,1909f56bfc062723c751e8b465ee728b)
Start importing Assets/Samples/Perception/0.9.0-preview.2/Tutorial Files/Foreground Objects/Phase 1/Prefabs/snack_granolabar_naturevalley.prefab using Guid(7ec41c4e5b2be4230b44e141f423c881) Importer(815301076,1909f56bfc062723c751e8b465ee728b)  -> (artifact id: '9687cb9b47fa3b06cb9a9413be970a66') in 0,021245 seconds 
  Import took 0,031684 seconds .

========================================================================
Received Import Request.
  Time since last request: 0,000240 seconds.
  path: Assets/Samples/Perception/0.9.0-preview.2/Tutorial Files/Foreground Objects/Phase 1/Prefabs/craft_yarn_caron_01.prefab
  artifactKey: Guid(12285089570ca4f6c8bc7b2358caf57f) Importer(815301076,1909f56bfc062723c751e8b465ee728b)
Start importing Assets/Samples/Perception/0.9.0-preview.2/Tutorial Files/Foreground Objects/Phase 1/Prefabs/craft_yarn_caron_01.prefab using Guid(12285089570ca4f6c8bc7b2358caf57f) Importer(815301076,1909f56bfc062723c751e8b465ee728b)  -> (artifact id: '2570a26bfd8dcd11624f4359da0969fa') in 0,018556 seconds 
  Import took 0,028730 seconds .

========================================================================
Received Import Request.
  Time since last request: 0,000211 seconds.
  path: Assets/Samples/Perception/0.9.0-preview.2/Tutorial Files/Foreground Objects/Phase 1/Prefabs/drink_whippingcream_lucerne.prefab
  artifactKey: Guid(514fd8bc80a18436f8b85ea96011911c) Importer(815301076,1909f56bfc062723c751e8b465ee728b)
Start importing Assets/Samples/Perception/0.9.0-preview.2/Tutorial Files/Foreground Objects/Phase 1/Prefabs/drink_whippingcream_lucerne.prefab using Guid(514fd8bc80a18436f8b85ea96011911c) Importer(815301076,1909f56bfc062723c751e8b465ee728b)  -> (artifact id: 'ea3df982fcc346dd7ba47973946c9259') in 0,018883 seconds 
  Import took 0,026348 seconds .

========================================================================
Received Import Request.
  Time since last request: 39,290724 seconds.
  path: Assets/Samples/Perception/0.9.0-preview.2/Tutorial Files/Foreground Objects/Phase 1/Prefabs/candy_minipralines_lindt.prefab
  artifactKey: Guid(f8c81fac8af13448ab26bdb5ce582c9b) Importer(815301076,1909f56bfc062723c751e8b465ee728b)
Start importing Assets/Samples/Perception/0.9.0-preview.2/Tutorial Files/Foreground Objects/Phase 1/Prefabs/candy_minipralines_lindt.prefab using Guid(f8c81fac8af13448ab26bdb5ce582c9b) Importer(815301076,1909f56bfc062723c751e8b465ee728b)  -> (artifact id: 'cb2d5973998813f688bee870f7576a98') in 0,022357 seconds 
  Import took 0,032921 seconds .

========================================================================
Received Import Request.
  Time since last request: 0,000209 seconds.
  path: Assets/Samples/Perception/0.9.0-preview.2/Tutorial Files/Foreground Objects/Phase 1/Prefabs/snack_biscotti_ghiott_01.prefab
  artifactKey: Guid(9ef2f11fc3a4d451489a43733d1b68fc) Importer(815301076,1909f56bfc062723c751e8b465ee728b)
Start importing Assets/Samples/Perception/0.9.0-preview.2/Tutorial Files/Foreground Objects/Phase 1/Prefabs/snack_biscotti_ghiott_01.prefab using Guid(9ef2f11fc3a4d451489a43733d1b68fc) Importer(815301076,1909f56bfc062723c751e8b465ee728b)  -> (artifact id: 'd947bd5691967096ef0b85bafef2dc68') in 0,020013 seconds 
  Import took 0,028156 seconds .

========================================================================
Received Import Request.
  Time since last request: 0,000272 seconds.
  path: Assets/Samples/Perception/0.9.0-preview.2/Tutorial Files/Foreground Objects/Phase 1/Prefabs/lotion_essentially_nivea.prefab
  artifactKey: Guid(1235a6a7e60bd4fb49f7fe43925b064d) Importer(815301076,1909f56bfc062723c751e8b465ee728b)
Start importing Assets/Samples/Perception/0.9.0-preview.2/Tutorial Files/Foreground Objects/Phase 1/Prefabs/lotion_essentially_nivea.prefab using Guid(1235a6a7e60bd4fb49f7fe43925b064d) Importer(815301076,1909f56bfc062723c751e8b465ee728b)  -> (artifact id: '149573f2708dbbdeb988970095699396') in 0,023705 seconds 
  Import took 0,032708 seconds .

========================================================================
Received Import Request.
  Time since last request: 0,000255 seconds.
  path: Assets/Samples/Perception/0.9.0-preview.2/Tutorial Files/Foreground Objects/Phase 1/Prefabs/pasta_lasagne_barilla.prefab
  artifactKey: Guid(5a29edd6a97d9479da063ac4c4eb8611) Importer(815301076,1909f56bfc062723c751e8b465ee728b)
Start importing Assets/Samples/Perception/0.9.0-preview.2/Tutorial Files/Foreground Objects/Phase 1/Prefabs/pasta_lasagne_barilla.prefab using Guid(5a29edd6a97d9479da063ac4c4eb8611) Importer(815301076,1909f56bfc062723c751e8b465ee728b)  -> (artifact id: 'b054d18b3c99a94598851c34480d6dc5') in 0,019778 seconds 
  Import took 0,028251 seconds .

========================================================================
Received Import Request.
  Time since last request: 0,000261 seconds.
  path: Assets/Samples/Perception/0.9.0-preview.2/Tutorial Files/Foreground Objects/Phase 1/Prefabs/cleaning_snuggle_henkel.prefab
  artifactKey: Guid(df26f25c7e2e84c0b977b2b3c2efefee) Importer(815301076,1909f56bfc062723c751e8b465ee728b)
Start importing Assets/Samples/Perception/0.9.0-preview.2/Tutorial Files/Foreground Objects/Phase 1/Prefabs/cleaning_snuggle_henkel.prefab using Guid(df26f25c7e2e84c0b977b2b3c2efefee) Importer(815301076,1909f56bfc062723c751e8b465ee728b)  -> (artifact id: 'cccd8f2a7390da000143c3929397a5e6') in 0,017488 seconds 
  Import took 0,026895 seconds .

========================================================================
Received Import Request.
  Time since last request: 0,000223 seconds.
  path: Assets/Samples/Perception/0.9.0-preview.2/Tutorial Files/Foreground Objects/Phase 1/Prefabs/cereal_cheerios_honeynut.prefab
  artifactKey: Guid(04ab9ebb2655c44ae9e9edebd2c9d32c) Importer(815301076,1909f56bfc062723c751e8b465ee728b)
Start importing Assets/Samples/Perception/0.9.0-preview.2/Tutorial Files/Foreground Objects/Phase 1/Prefabs/cereal_cheerios_honeynut.prefab using Guid(04ab9ebb2655c44ae9e9edebd2c9d32c) Importer(815301076,1909f56bfc062723c751e8b465ee728b)  -> (artifact id: 'e9f82e1026e5a0559e7472f2c8cc7a8e') in 0,019961 seconds 
  Import took 0,028937 seconds .

========================================================================
Received Import Request.
  Time since last request: 0,000246 seconds.
  path: Assets/Samples/Perception/0.9.0-preview.2/Tutorial Files/Foreground Objects/Phase 1/Prefabs/drink_greentea_itoen.prefab
  artifactKey: Guid(6d2179d3da6ff400c84fe0464ebff935) Importer(815301076,1909f56bfc062723c751e8b465ee728b)
Start importing Assets/Samples/Perception/0.9.0-preview.2/Tutorial Files/Foreground Objects/Phase 1/Prefabs/drink_greentea_itoen.prefab using Guid(6d2179d3da6ff400c84fe0464ebff935) Importer(815301076,1909f56bfc062723c751e8b465ee728b)  -> (artifact id: '9c677685def51c6897e760f13442aee7') in 0,018322 seconds 
  Import took 0,028202 seconds .

========================================================================
Received Import Request.
  Time since last request: 0,000280 seconds.
  path: Assets/Samples/Perception/0.9.0-preview.2/Tutorial Files/Foreground Objects/Phase 1/Prefabs/snack_granolabar_naturevalley.prefab
  artifactKey: Guid(7ec41c4e5b2be4230b44e141f423c881) Importer(815301076,1909f56bfc062723c751e8b465ee728b)
Start importing Assets/Samples/Perception/0.9.0-preview.2/Tutorial Files/Foreground Objects/Phase 1/Prefabs/snack_granolabar_naturevalley.prefab using Guid(7ec41c4e5b2be4230b44e141f423c881) Importer(815301076,1909f56bfc062723c751e8b465ee728b)  -> (artifact id: 'd01875f1c840cd524082c6ce42fb73ea') in 0,018683 seconds 
  Import took 0,026947 seconds .

========================================================================
Received Import Request.
  Time since last request: 0,000396 seconds.
  path: Assets/Samples/Perception/0.9.0-preview.2/Tutorial Files/Foreground Objects/Phase 1/Prefabs/craft_yarn_caron_01.prefab
  artifactKey: Guid(12285089570ca4f6c8bc7b2358caf57f) Importer(815301076,1909f56bfc062723c751e8b465ee728b)
Start importing Assets/Samples/Perception/0.9.0-preview.2/Tutorial Files/Foreground Objects/Phase 1/Prefabs/craft_yarn_caron_01.prefab using Guid(12285089570ca4f6c8bc7b2358caf57f) Importer(815301076,1909f56bfc062723c751e8b465ee728b)  -> (artifact id: '58f6d9db784c934c1ad15e3310d3de82') in 0,024471 seconds 
  Import took 0,037266 seconds .

========================================================================
Received Import Request.
  Time since last request: 0,000276 seconds.
  path: Assets/Samples/Perception/0.9.0-preview.2/Tutorial Files/Foreground Objects/Phase 1/Prefabs/drink_whippingcream_lucerne.prefab
  artifactKey: Guid(514fd8bc80a18436f8b85ea96011911c) Importer(815301076,1909f56bfc062723c751e8b465ee728b)
Start importing Assets/Samples/Perception/0.9.0-preview.2/Tutorial Files/Foreground Objects/Phase 1/Prefabs/drink_whippingcream_lucerne.prefab using Guid(514fd8bc80a18436f8b85ea96011911c) Importer(815301076,1909f56bfc062723c751e8b465ee728b)  -> (artifact id: '8e84be933a79e10b8eb9fd465034475d') in 0,020124 seconds 
  Import took 0,030518 seconds .

========================================================================
Received Prepare
Registering precompiled user dll's ...
Registered in 0,006190 seconds.
Begin MonoManager ReloadAssembly
Native extension for LinuxStandalone target not found
Native extension for WindowsStandalone target not found
Native extension for OSXStandalone target not found
Native extension for WebGL target not found
Refreshing native plugins compatible for Editor in 0,98 ms, found 3 plugins.
Preloading 0 native plugins for Editor in 0,00 ms.
Mono: successfully reloaded assembly
- Completed reload, in  2,673 seconds
Domain Reload Profiling:
	ReloadAssembly (2674ms)
		BeginReloadAssembly (735ms)
			ExecutionOrderSort (0ms)
			DisableScriptedObjects (14ms)
			BackupInstance (0ms)
			ReleaseScriptingObjects (0ms)
			CreateAndSetChildDomain (87ms)
		EndReloadAssembly (1838ms)
			LoadAssemblies (151ms)
			RebuildTransferFunctionScriptingTraits (0ms)
			SetupTypeCache (517ms)
			ReleaseScriptCaches (2ms)
			RebuildScriptCaches (83ms)
			SetupLoadedEditorAssemblies (854ms)
				LogAssemblyErrors (0ms)
				InitializePlatformSupportModulesInManaged (9ms)
				SetLoadedEditorAssemblies (1ms)
				RefreshPlugins (1ms)
				BeforeProcessingInitializeOnLoad (110ms)
				ProcessInitializeOnLoadAttributes (638ms)
				ProcessInitializeOnLoadMethodAttributes (90ms)
				AfterProcessingInitializeOnLoad (6ms)
				EditorAssembliesLoaded (0ms)
			ExecutionOrderSort2 (0ms)
			AwakeInstancesAfterBackupRestoration (25ms)
Platform modules already initialized, skipping
Shader 'Universal Render Pipeline/Particles/Lit': fallback shader 'Universal Render Pipeline/Particles/SimpleLit' not found
Refreshing native plugins compatible for Editor in 1,18 ms, found 3 plugins.
Preloading 0 native plugins for Editor in 0,00 ms.
Unloading 3153 Unused Serialized files (Serialized files now loaded: 0)
System memory in use before: 135,6 MB.
System memory in use after: 135,7 MB.

Unloading 35 unused Assets to reduce memory usage. Loaded Objects now: 3736.
Total: 11,329437 ms (FindLiveObjects: 0,584848 ms CreateObjectMapping: 0,345945 ms MarkObjects: 10,114329 ms  DeleteObjects: 0,280608 ms)

AssetImportParameters requested are different than current active one (requested -> active):
  custom:video-decoder-ogg-theora: a1e56fd34408186e4bbccfd4996cb3dc -> 
  custom:container-muxer-webm: aa71ff27fc2769a1b78a27578f13a17b -> 
  custom:container-demuxer-webm: 4f35f7cbe854078d1ac9338744f61a02 -> 
  custom:container-demuxer-ogg: 62fdf1f143b41e24485cea50d1cbac27 -> 
  custom:video-encoder-webm-vp8: eb34c28f22e8b96e1ab97ce403110664 -> 
  custom:video-decoder-webm-vp8: 9c59270c3fd7afecdb556c50c9e8de78 -> 
  custom:audio-decoder-ogg-vorbis: bf7c407c2cedff20999df2af8eb42d56 -> 
  custom:audio-encoder-webm-vorbis: bf7c407c2cedff20999df2af8eb42d56 -> 
========================================================================
Received Prepare
Registering precompiled user dll's ...
Registered in 0,008131 seconds.
Begin MonoManager ReloadAssembly
Native extension for LinuxStandalone target not found
Native extension for WindowsStandalone target not found
Native extension for OSXStandalone target not found
Native extension for WebGL target not found
Refreshing native plugins compatible for Editor in 0,94 ms, found 3 plugins.
Preloading 0 native plugins for Editor in 0,00 ms.
Mono: successfully reloaded assembly
- Completed reload, in  4,833 seconds
Domain Reload Profiling:
	ReloadAssembly (4834ms)
		BeginReloadAssembly (2981ms)
			ExecutionOrderSort (0ms)
			DisableScriptedObjects (13ms)
			BackupInstance (0ms)
			ReleaseScriptingObjects (0ms)
			CreateAndSetChildDomain (82ms)
		EndReloadAssembly (1761ms)
			LoadAssemblies (113ms)
			RebuildTransferFunctionScriptingTraits (0ms)
			SetupTypeCache (487ms)
			ReleaseScriptCaches (2ms)
			RebuildScriptCaches (76ms)
			SetupLoadedEditorAssemblies (827ms)
				LogAssemblyErrors (0ms)
				InitializePlatformSupportModulesInManaged (8ms)
				SetLoadedEditorAssemblies (1ms)
				RefreshPlugins (1ms)
				BeforeProcessingInitializeOnLoad (108ms)
				ProcessInitializeOnLoadAttributes (616ms)
				ProcessInitializeOnLoadMethodAttributes (87ms)
				AfterProcessingInitializeOnLoad (6ms)
				EditorAssembliesLoaded (0ms)
			ExecutionOrderSort2 (0ms)
			AwakeInstancesAfterBackupRestoration (22ms)
Platform modules already initialized, skipping
Shader 'Universal Render Pipeline/Particles/Lit': fallback shader 'Universal Render Pipeline/Particles/SimpleLit' not found
Refreshing native plugins compatible for Editor in 1,12 ms, found 3 plugins.
Preloading 0 native plugins for Editor in 0,00 ms.
Unloading 3152 Unused Serialized files (Serialized files now loaded: 0)
System memory in use before: 135,6 MB.
System memory in use after: 135,6 MB.

Unloading 35 unused Assets to reduce memory usage. Loaded Objects now: 3740.
Total: 12,562035 ms (FindLiveObjects: 0,693758 ms CreateObjectMapping: 0,540352 ms MarkObjects: 10,802205 ms  DeleteObjects: 0,521787 ms)

AssetImportParameters requested are different than current active one (requested -> active):
  custom:video-decoder-ogg-theora: a1e56fd34408186e4bbccfd4996cb3dc -> 
  custom:container-muxer-webm: aa71ff27fc2769a1b78a27578f13a17b -> 
  custom:container-demuxer-webm: 4f35f7cbe854078d1ac9338744f61a02 -> 
  custom:container-demuxer-ogg: 62fdf1f143b41e24485cea50d1cbac27 -> 
  custom:video-encoder-webm-vp8: eb34c28f22e8b96e1ab97ce403110664 -> 
  custom:video-decoder-webm-vp8: 9c59270c3fd7afecdb556c50c9e8de78 -> 
  custom:audio-decoder-ogg-vorbis: bf7c407c2cedff20999df2af8eb42d56 -> 
  custom:audio-encoder-webm-vorbis: bf7c407c2cedff20999df2af8eb42d56 -> 
========================================================================
Received Import Request.
  Time since last request: 498,578317 seconds.
  path: Assets/Samples/Perception/0.9.0-preview.2/Tutorial Files/Foreground Objects/Phase 1/Prefabs/candy_minipralines_lindt.prefab
  artifactKey: Guid(f8c81fac8af13448ab26bdb5ce582c9b) Importer(815301076,1909f56bfc062723c751e8b465ee728b)
Start importing Assets/Samples/Perception/0.9.0-preview.2/Tutorial Files/Foreground Objects/Phase 1/Prefabs/candy_minipralines_lindt.prefab using Guid(f8c81fac8af13448ab26bdb5ce582c9b) Importer(815301076,1909f56bfc062723c751e8b465ee728b)  -> (artifact id: '5c7b7c4a4a175322e0c063367dc0ad1e') in 0,317356 seconds 
  Import took 0,328150 seconds .

========================================================================
Received Import Request.
  Time since last request: 0,000345 seconds.
  path: Assets/Samples/Perception/0.9.0-preview.2/Tutorial Files/Foreground Objects/Phase 1/Prefabs/snack_biscotti_ghiott_01.prefab
  artifactKey: Guid(9ef2f11fc3a4d451489a43733d1b68fc) Importer(815301076,1909f56bfc062723c751e8b465ee728b)
Start importing Assets/Samples/Perception/0.9.0-preview.2/Tutorial Files/Foreground Objects/Phase 1/Prefabs/snack_biscotti_ghiott_01.prefab using Guid(9ef2f11fc3a4d451489a43733d1b68fc) Importer(815301076,1909f56bfc062723c751e8b465ee728b)  -> (artifact id: '2c65156c358d7fabeded952c39c0ec45') in 0,018765 seconds 
  Import took 0,030473 seconds .

========================================================================
Received Import Request.
  Time since last request: 0,000238 seconds.
  path: Assets/Samples/Perception/0.9.0-preview.2/Tutorial Files/Foreground Objects/Phase 1/Prefabs/lotion_essentially_nivea.prefab
  artifactKey: Guid(1235a6a7e60bd4fb49f7fe43925b064d) Importer(815301076,1909f56bfc062723c751e8b465ee728b)
Start importing Assets/Samples/Perception/0.9.0-preview.2/Tutorial Files/Foreground Objects/Phase 1/Prefabs/lotion_essentially_nivea.prefab using Guid(1235a6a7e60bd4fb49f7fe43925b064d) Importer(815301076,1909f56bfc062723c751e8b465ee728b)  -> (artifact id: '104bcd6d5a20c9c47ad5c38df883308c') in 0,019714 seconds 
  Import took 0,032597 seconds .

========================================================================
Received Import Request.
  Time since last request: 0,000254 seconds.
  path: Assets/Samples/Perception/0.9.0-preview.2/Tutorial Files/Foreground Objects/Phase 1/Prefabs/pasta_lasagne_barilla.prefab
  artifactKey: Guid(5a29edd6a97d9479da063ac4c4eb8611) Importer(815301076,1909f56bfc062723c751e8b465ee728b)
Start importing Assets/Samples/Perception/0.9.0-preview.2/Tutorial Files/Foreground Objects/Phase 1/Prefabs/pasta_lasagne_barilla.prefab using Guid(5a29edd6a97d9479da063ac4c4eb8611) Importer(815301076,1909f56bfc062723c751e8b465ee728b)  -> (artifact id: '3b9f923c16cb7b700ff58a45fb169344') in 0,019368 seconds 
  Import took 0,032359 seconds .

========================================================================
Received Import Request.
  Time since last request: 0,000297 seconds.
  path: Assets/Samples/Perception/0.9.0-preview.2/Tutorial Files/Foreground Objects/Phase 1/Prefabs/cleaning_snuggle_henkel.prefab
  artifactKey: Guid(df26f25c7e2e84c0b977b2b3c2efefee) Importer(815301076,1909f56bfc062723c751e8b465ee728b)
Start importing Assets/Samples/Perception/0.9.0-preview.2/Tutorial Files/Foreground Objects/Phase 1/Prefabs/cleaning_snuggle_henkel.prefab using Guid(df26f25c7e2e84c0b977b2b3c2efefee) Importer(815301076,1909f56bfc062723c751e8b465ee728b)  -> (artifact id: '699a1d95a6fc1ece8166a3be2fb1228f') in 0,013753 seconds 
  Import took 0,025137 seconds .

========================================================================
Received Import Request.
  Time since last request: 0,000216 seconds.
  path: Assets/Samples/Perception/0.9.0-preview.2/Tutorial Files/Foreground Objects/Phase 1/Prefabs/cereal_cheerios_honeynut.prefab
  artifactKey: Guid(04ab9ebb2655c44ae9e9edebd2c9d32c) Importer(815301076,1909f56bfc062723c751e8b465ee728b)
Start importing Assets/Samples/Perception/0.9.0-preview.2/Tutorial Files/Foreground Objects/Phase 1/Prefabs/cereal_cheerios_honeynut.prefab using Guid(04ab9ebb2655c44ae9e9edebd2c9d32c) Importer(815301076,1909f56bfc062723c751e8b465ee728b)  -> (artifact id: '71d8dcaf4654694577e0143d2096eaed') in 0,018474 seconds 
  Import took 0,028283 seconds .

========================================================================
Received Import Request.
  Time since last request: 0,000211 seconds.
  path: Assets/Samples/Perception/0.9.0-preview.2/Tutorial Files/Foreground Objects/Phase 1/Prefabs/drink_greentea_itoen.prefab
  artifactKey: Guid(6d2179d3da6ff400c84fe0464ebff935) Importer(815301076,1909f56bfc062723c751e8b465ee728b)
Start importing Assets/Samples/Perception/0.9.0-preview.2/Tutorial Files/Foreground Objects/Phase 1/Prefabs/drink_greentea_itoen.prefab using Guid(6d2179d3da6ff400c84fe0464ebff935) Importer(815301076,1909f56bfc062723c751e8b465ee728b)  -> (artifact id: 'f591c90c717f6f0d1f56cf8cf6f4d7ec') in 0,018087 seconds 
  Import took 0,029311 seconds .

========================================================================
Received Import Request.
  Time since last request: 0,000287 seconds.
  path: Assets/Samples/Perception/0.9.0-preview.2/Tutorial Files/Foreground Objects/Phase 1/Prefabs/snack_granolabar_naturevalley.prefab
  artifactKey: Guid(7ec41c4e5b2be4230b44e141f423c881) Importer(815301076,1909f56bfc062723c751e8b465ee728b)
Start importing Assets/Samples/Perception/0.9.0-preview.2/Tutorial Files/Foreground Objects/Phase 1/Prefabs/snack_granolabar_naturevalley.prefab using Guid(7ec41c4e5b2be4230b44e141f423c881) Importer(815301076,1909f56bfc062723c751e8b465ee728b)  -> (artifact id: '4acd985b0400d55302e2aead4c5d63bc') in 0,018137 seconds 
  Import took 0,027303 seconds .

========================================================================
Received Import Request.
  Time since last request: 0,000519 seconds.
  path: Assets/Samples/Perception/0.9.0-preview.2/Tutorial Files/Foreground Objects/Phase 1/Prefabs/craft_yarn_caron_01.prefab
  artifactKey: Guid(12285089570ca4f6c8bc7b2358caf57f) Importer(815301076,1909f56bfc062723c751e8b465ee728b)
Start importing Assets/Samples/Perception/0.9.0-preview.2/Tutorial Files/Foreground Objects/Phase 1/Prefabs/craft_yarn_caron_01.prefab using Guid(12285089570ca4f6c8bc7b2358caf57f) Importer(815301076,1909f56bfc062723c751e8b465ee728b)  -> (artifact id: '30bb8f513f60497149410e428442a542') in 0,014707 seconds 
  Import took 0,024416 seconds .

========================================================================
Received Import Request.
  Time since last request: 0,000239 seconds.
  path: Assets/Samples/Perception/0.9.0-preview.2/Tutorial Files/Foreground Objects/Phase 1/Prefabs/drink_whippingcream_lucerne.prefab
  artifactKey: Guid(514fd8bc80a18436f8b85ea96011911c) Importer(815301076,1909f56bfc062723c751e8b465ee728b)
Start importing Assets/Samples/Perception/0.9.0-preview.2/Tutorial Files/Foreground Objects/Phase 1/Prefabs/drink_whippingcream_lucerne.prefab using Guid(514fd8bc80a18436f8b85ea96011911c) Importer(815301076,1909f56bfc062723c751e8b465ee728b)  -> (artifact id: '67c8349faffea414c70646678b6a8bfc') in 0,013874 seconds 
  Import took 0,021915 seconds .

AssetImportWorkerClient::OnTransportError - code=2 error=End of file
